May 31, 2022 5:35:54 PM edu.curtin.emergencysimulator.DisasterSimulatorApp readFile
INFO: Input File Completly read
May 31, 2022 5:35:54 PM edu.curtin.emergencysimulator.Flood <init>
INFO: Initialize the state of flood to Start
May 31, 2022 5:35:54 PM edu.curtin.emergencysimulator.DisasterSimulatorApp emergencyCreator
INFO: Added a flood emergency
May 31, 2022 5:35:54 PM edu.curtin.emergencysimulator.Fire <init>
INFO: Initialize the state of the fire to LowIntensity
May 31, 2022 5:35:54 PM edu.curtin.emergencysimulator.DisasterSimulatorApp emergencyCreator
INFO: Added a fire emergency
May 31, 2022 5:35:54 PM edu.curtin.emergencysimulator.Fire <init>
INFO: Initialize the state of the fire to LowIntensity
May 31, 2022 5:35:54 PM edu.curtin.emergencysimulator.DisasterSimulatorApp emergencyCreator
INFO: Added a fire emergency
May 31, 2022 5:35:54 PM edu.curtin.emergencysimulator.Flood <init>
INFO: Initialize the state of flood to Start
May 31, 2022 5:35:54 PM edu.curtin.emergencysimulator.DisasterSimulatorApp emergencyCreator
INFO: Added a flood emergency
May 31, 2022 5:35:54 PM edu.curtin.emergencysimulator.Chemical <init>
INFO: Initialize the state of chemical to Start
May 31, 2022 5:35:54 PM edu.curtin.emergencysimulator.DisasterSimulatorApp emergencyCreator
INFO: Added a chemical emergency
May 31, 2022 5:35:54 PM edu.curtin.emergencysimulator.Controller control
INFO: Get the reply from the responders
May 31, 2022 5:35:54 PM edu.curtin.emergencysimulator.Controller notifyObservers
INFO: Notify all the observers in the activeList that a second had passed.
May 31, 2022 5:35:55 PM edu.curtin.emergencysimulator.Controller control
INFO: Get the reply from the responders
May 31, 2022 5:35:55 PM edu.curtin.emergencysimulator.Controller notifyObservers
INFO: Notify all the observers in the activeList that a second had passed.
May 31, 2022 5:35:56 PM edu.curtin.emergencysimulator.Controller control
INFO: Get the reply from the responders
May 31, 2022 5:35:56 PM edu.curtin.emergencysimulator.Controller notifyObservers
INFO: Notify all the observers in the activeList that a second had passed.
May 31, 2022 5:35:57 PM edu.curtin.emergencysimulator.Controller control
INFO: Get the reply from the responders
May 31, 2022 5:35:57 PM edu.curtin.emergencysimulator.Controller notifyObservers
INFO: Notify all the observers in the activeList that a second had passed.
May 31, 2022 5:35:58 PM edu.curtin.emergencysimulator.Controller control
INFO: Get the reply from the responders
May 31, 2022 5:35:58 PM edu.curtin.emergencysimulator.Controller notifyObservers
INFO: Notify all the observers in the activeList that a second had passed.
May 31, 2022 5:35:59 PM edu.curtin.emergencysimulator.Controller control
INFO: Get the reply from the responders
May 31, 2022 5:35:59 PM edu.curtin.emergencysimulator.Controller notifyObservers
INFO: Notify all the observers in the activeList that a second had passed.
May 31, 2022 5:36:00 PM edu.curtin.emergencysimulator.Controller control
INFO: Get the reply from the responders
May 31, 2022 5:36:00 PM edu.curtin.emergencysimulator.Controller notifyObservers
INFO: Notify all the observers in the activeList that a second had passed.
May 31, 2022 5:36:01 PM edu.curtin.emergencysimulator.Controller control
INFO: Get the reply from the responders
May 31, 2022 5:36:01 PM edu.curtin.emergencysimulator.Controller notifyObservers
INFO: Notify all the observers in the activeList that a second had passed.
May 31, 2022 5:36:02 PM edu.curtin.emergencysimulator.Controller control
INFO: Get the reply from the responders
May 31, 2022 5:36:02 PM edu.curtin.emergencysimulator.Controller notifyObservers
INFO: Notify all the observers in the activeList that a second had passed.
May 31, 2022 5:36:03 PM edu.curtin.emergencysimulator.Controller control
INFO: Get the reply from the responders
May 31, 2022 5:36:03 PM edu.curtin.emergencysimulator.Controller notifyObservers
INFO: Notify all the observers in the activeList that a second had passed.
May 31, 2022 5:36:04 PM edu.curtin.emergencysimulator.Controller control
INFO: Get the reply from the responders
May 31, 2022 5:36:04 PM edu.curtin.emergencysimulator.Controller notifyObservers
INFO: Notify all the observers in the activeList that a second had passed.
May 31, 2022 5:36:05 PM edu.curtin.emergencysimulator.Controller control
INFO: Get the reply from the responders
May 31, 2022 5:36:05 PM edu.curtin.emergencysimulator.Controller notifyObservers
INFO: Notify all the observers in the activeList that a second had passed.
May 31, 2022 5:36:06 PM edu.curtin.emergencysimulator.Fire initiate
INFO: Inform responders that a fire started at Hill Valley
May 31, 2022 5:36:06 PM edu.curtin.emergencysimulator.Controller control
INFO: Add the started emergencies to the observers list
May 31, 2022 5:36:06 PM edu.curtin.emergencysimulator.Controller control
INFO: Get the reply from the responders
May 31, 2022 5:36:06 PM edu.curtin.emergencysimulator.Controller notifyObservers
INFO: Notify all the observers in the activeList that a second had passed.
May 31, 2022 5:36:06 PM edu.curtin.emergencysimulator.LowIntensity changeInState
INFO: Damage occured at Hill Valley due to fire
May 31, 2022 5:36:06 PM edu.curtin.emergencysimulator.Fire update
INFO: Increment the count of fire at Hill Valley by one
May 31, 2022 5:36:07 PM edu.curtin.emergencysimulator.Controller control
INFO: Get the reply from the responders
May 31, 2022 5:36:07 PM edu.curtin.emergencysimulator.Controller notifyObservers
INFO: Notify all the observers in the activeList that a second had passed.
May 31, 2022 5:36:07 PM edu.curtin.emergencysimulator.Fire update
INFO: Increment the count of fire at Hill Valley by one
May 31, 2022 5:36:08 PM edu.curtin.emergencysimulator.Controller control
INFO: Get the reply from the responders
May 31, 2022 5:36:08 PM edu.curtin.emergencysimulator.Controller notifyObservers
INFO: Notify all the observers in the activeList that a second had passed.
May 31, 2022 5:36:08 PM edu.curtin.emergencysimulator.Fire update
INFO: Increment the count of fire at Hill Valley by one
May 31, 2022 5:36:09 PM edu.curtin.emergencysimulator.Controller control
INFO: Get the reply from the responders
May 31, 2022 5:36:09 PM edu.curtin.emergencysimulator.Controller notifyObservers
INFO: Notify all the observers in the activeList that a second had passed.
May 31, 2022 5:36:09 PM edu.curtin.emergencysimulator.Fire update
INFO: Increment the count of fire at Hill Valley by one
May 31, 2022 5:36:10 PM edu.curtin.emergencysimulator.Controller control
INFO: Get the reply from the responders
May 31, 2022 5:36:10 PM edu.curtin.emergencysimulator.Controller notifyObservers
INFO: Notify all the observers in the activeList that a second had passed.
May 31, 2022 5:36:10 PM edu.curtin.emergencysimulator.Fire update
INFO: Increment the count of fire at Hill Valley by one
May 31, 2022 5:36:11 PM edu.curtin.emergencysimulator.Controller control
INFO: Get the reply from the responders
May 31, 2022 5:36:11 PM edu.curtin.emergencysimulator.Controller notifyObservers
INFO: Notify all the observers in the activeList that a second had passed.
May 31, 2022 5:36:11 PM edu.curtin.emergencysimulator.Fire update
INFO: Increment the count of fire at Hill Valley by one
May 31, 2022 5:36:12 PM edu.curtin.emergencysimulator.Controller control
INFO: Get the reply from the responders
May 31, 2022 5:36:12 PM edu.curtin.emergencysimulator.Controller notifyObservers
INFO: Notify all the observers in the activeList that a second had passed.
May 31, 2022 5:36:12 PM edu.curtin.emergencysimulator.Fire update
INFO: Increment the count of fire at Hill Valley by one
May 31, 2022 5:36:13 PM edu.curtin.emergencysimulator.Controller control
INFO: Get the reply from the responders
May 31, 2022 5:36:13 PM edu.curtin.emergencysimulator.Controller notifyObservers
INFO: Notify all the observers in the activeList that a second had passed.
May 31, 2022 5:36:13 PM edu.curtin.emergencysimulator.LowIntensity changeInState
INFO: Fire at Hill Valley has been cleaned
May 31, 2022 5:36:13 PM edu.curtin.emergencysimulator.Fire update
INFO: Increment the count of fire at Hill Valley by one
May 31, 2022 5:36:14 PM edu.curtin.emergencysimulator.Controller control
INFO: Get the reply from the responders
May 31, 2022 5:36:14 PM edu.curtin.emergencysimulator.Controller notifyObservers
INFO: Notify all the observers in the activeList that a second had passed.
May 31, 2022 5:36:15 PM edu.curtin.emergencysimulator.Controller control
INFO: Get the reply from the responders
May 31, 2022 5:36:15 PM edu.curtin.emergencysimulator.Controller notifyObservers
INFO: Notify all the observers in the activeList that a second had passed.
May 31, 2022 5:36:17 PM edu.curtin.emergencysimulator.Controller control
INFO: Get the reply from the responders
May 31, 2022 5:36:17 PM edu.curtin.emergencysimulator.Controller notifyObservers
INFO: Notify all the observers in the activeList that a second had passed.
May 31, 2022 5:36:18 PM edu.curtin.emergencysimulator.Controller control
INFO: Get the reply from the responders
May 31, 2022 5:36:18 PM edu.curtin.emergencysimulator.Controller notifyObservers
INFO: Notify all the observers in the activeList that a second had passed.
May 31, 2022 5:36:19 PM edu.curtin.emergencysimulator.Chemical initiate
INFO: Inform responders that a chemical started at Westtown
May 31, 2022 5:36:19 PM edu.curtin.emergencysimulator.Controller control
INFO: Add the started emergencies to the observers list
May 31, 2022 5:36:19 PM edu.curtin.emergencysimulator.Flood initiate
INFO: Inform responders that a flood started at Midtown
May 31, 2022 5:36:19 PM edu.curtin.emergencysimulator.Controller control
INFO: Add the started emergencies to the observers list
May 31, 2022 5:36:19 PM edu.curtin.emergencysimulator.Flood initiate
INFO: Inform responders that a flood started at Hill Valley
May 31, 2022 5:36:19 PM edu.curtin.emergencysimulator.Controller control
INFO: Add the started emergencies to the observers list
May 31, 2022 5:36:19 PM edu.curtin.emergencysimulator.Controller control
INFO: Get the reply from the responders
May 31, 2022 5:36:19 PM edu.curtin.emergencysimulator.Controller notifyObservers
INFO: Notify all the observers in the activeList that a second had passed.
May 31, 2022 5:36:19 PM edu.curtin.emergencysimulator.Start changeInState
INFO: Casualty occured at Westtown due to chemical
May 31, 2022 5:36:19 PM edu.curtin.emergencysimulator.Start changeInState
INFO: Damage occured at Westtown due to chemical
May 31, 2022 5:36:19 PM edu.curtin.emergencysimulator.Start changeInState
INFO: Damage occured at Midtown due to flood
May 31, 2022 5:36:19 PM edu.curtin.emergencysimulator.Flood update
INFO: Increment the count of flood at Midtown by one
May 31, 2022 5:36:19 PM edu.curtin.emergencysimulator.Flood update
INFO: Increment the count of flood at Hill Valley by one
May 31, 2022 5:36:20 PM edu.curtin.emergencysimulator.Controller control
INFO: Get the reply from the responders
May 31, 2022 5:36:20 PM edu.curtin.emergencysimulator.Controller notifyObservers
INFO: Notify all the observers in the activeList that a second had passed.
May 31, 2022 5:36:20 PM edu.curtin.emergencysimulator.Start changeInState
INFO: Casualty occured at Westtown due to chemical
May 31, 2022 5:36:20 PM edu.curtin.emergencysimulator.Start changeInState
INFO: Damage occured at Westtown due to chemical
May 31, 2022 5:36:20 PM edu.curtin.emergencysimulator.Start changeInState
INFO: Casualty occured at Midtown due to flood
May 31, 2022 5:36:20 PM edu.curtin.emergencysimulator.Start changeInState
INFO: Damage occured at Midtown due to flood
May 31, 2022 5:36:20 PM edu.curtin.emergencysimulator.Flood update
INFO: Increment the count of flood at Midtown by one
May 31, 2022 5:36:20 PM edu.curtin.emergencysimulator.Start changeInState
INFO: Damage occured at Hill Valley due to flood
May 31, 2022 5:36:20 PM edu.curtin.emergencysimulator.Flood update
INFO: Increment the count of flood at Hill Valley by one
May 31, 2022 5:36:21 PM edu.curtin.emergencysimulator.Controller control
INFO: Get the reply from the responders
May 31, 2022 5:36:21 PM edu.curtin.emergencysimulator.Controller notifyObservers
INFO: Notify all the observers in the activeList that a second had passed.
May 31, 2022 5:36:21 PM edu.curtin.emergencysimulator.Start changeInState
INFO: Casualty occured at Westtown due to chemical
May 31, 2022 5:36:21 PM edu.curtin.emergencysimulator.Flood update
INFO: Increment the count of flood at Midtown by one
May 31, 2022 5:36:21 PM edu.curtin.emergencysimulator.Start changeInState
INFO: Casualty occured at Hill Valley due to flood
May 31, 2022 5:36:21 PM edu.curtin.emergencysimulator.Flood update
INFO: Increment the count of flood at Hill Valley by one
May 31, 2022 5:36:22 PM edu.curtin.emergencysimulator.Controller control
INFO: Get the reply from the responders
May 31, 2022 5:36:22 PM edu.curtin.emergencysimulator.Controller notifyObservers
INFO: Notify all the observers in the activeList that a second had passed.
May 31, 2022 5:36:22 PM edu.curtin.emergencysimulator.Start changeInState
INFO: Casualty occured at Westtown due to chemical
May 31, 2022 5:36:22 PM edu.curtin.emergencysimulator.Start changeInState
INFO: Damage occured at Westtown due to chemical
May 31, 2022 5:36:22 PM edu.curtin.emergencysimulator.Start changeInState
INFO: Damage occured at Midtown due to flood
May 31, 2022 5:36:22 PM edu.curtin.emergencysimulator.Flood update
INFO: Increment the count of flood at Midtown by one
May 31, 2022 5:36:22 PM edu.curtin.emergencysimulator.Start changeInState
INFO: Casualty occured at Hill Valley due to flood
May 31, 2022 5:36:22 PM edu.curtin.emergencysimulator.Flood update
INFO: Increment the count of flood at Hill Valley by one
May 31, 2022 5:36:23 PM edu.curtin.emergencysimulator.Controller control
INFO: Get the reply from the responders
May 31, 2022 5:36:23 PM edu.curtin.emergencysimulator.Controller notifyObservers
INFO: Notify all the observers in the activeList that a second had passed.
May 31, 2022 5:36:23 PM edu.curtin.emergencysimulator.Start changeInState
INFO: Casualty occured at Westtown due to chemical
May 31, 2022 5:36:23 PM edu.curtin.emergencysimulator.Start changeInState
INFO: Damage occured at Westtown due to chemical
May 31, 2022 5:36:23 PM edu.curtin.emergencysimulator.Flood update
INFO: Increment the count of flood at Midtown by one
May 31, 2022 5:36:23 PM edu.curtin.emergencysimulator.Start changeInState
INFO: Damage occured at Hill Valley due to flood
May 31, 2022 5:36:23 PM edu.curtin.emergencysimulator.Flood update
INFO: Increment the count of flood at Hill Valley by one
May 31, 2022 5:36:24 PM edu.curtin.emergencysimulator.Controller control
INFO: Get the reply from the responders
May 31, 2022 5:36:24 PM edu.curtin.emergencysimulator.Controller notifyObservers
INFO: Notify all the observers in the activeList that a second had passed.
May 31, 2022 5:36:24 PM edu.curtin.emergencysimulator.Flood update
INFO: Increment the count of flood at Midtown by one
May 31, 2022 5:36:24 PM edu.curtin.emergencysimulator.Flood update
INFO: Increment the count of flood at Hill Valley by one
May 31, 2022 5:36:25 PM edu.curtin.emergencysimulator.Fire initiate
INFO: Inform responders that a fire started at Midtown
May 31, 2022 5:36:25 PM edu.curtin.emergencysimulator.Controller control
INFO: Add the started emergencies to the observers list
May 31, 2022 5:36:25 PM edu.curtin.emergencysimulator.Controller control
INFO: Get the reply from the responders
May 31, 2022 5:36:25 PM edu.curtin.emergencysimulator.Controller notifyObservers
INFO: Notify all the observers in the activeList that a second had passed.
May 31, 2022 5:36:25 PM edu.curtin.emergencysimulator.Fire update
INFO: Increment the count of fire at Midtown by one
May 31, 2022 5:36:25 PM edu.curtin.emergencysimulator.Start changeInState
INFO: Casualty occured at Midtown due to flood
May 31, 2022 5:36:25 PM edu.curtin.emergencysimulator.Flood update
INFO: Increment the count of flood at Midtown by one
May 31, 2022 5:36:25 PM edu.curtin.emergencysimulator.Flood update
INFO: Increment the count of flood at Hill Valley by one
May 31, 2022 5:36:26 PM edu.curtin.emergencysimulator.Controller control
INFO: Get the reply from the responders
May 31, 2022 5:36:26 PM edu.curtin.emergencysimulator.Controller notifyObservers
INFO: Notify all the observers in the activeList that a second had passed.
May 31, 2022 5:36:26 PM edu.curtin.emergencysimulator.Fire update
INFO: Increment the count of fire at Midtown by one
May 31, 2022 5:36:26 PM edu.curtin.emergencysimulator.Flood update
INFO: Increment the count of flood at Midtown by one
May 31, 2022 5:36:26 PM edu.curtin.emergencysimulator.Start changeInState
INFO: Damage occured at Hill Valley due to flood
May 31, 2022 5:36:26 PM edu.curtin.emergencysimulator.Flood update
INFO: Increment the count of flood at Hill Valley by one
May 31, 2022 5:36:27 PM edu.curtin.emergencysimulator.Controller control
INFO: Get the reply from the responders
May 31, 2022 5:36:27 PM edu.curtin.emergencysimulator.Controller notifyObservers
INFO: Notify all the observers in the activeList that a second had passed.
May 31, 2022 5:36:27 PM edu.curtin.emergencysimulator.LowIntensity changeInState
INFO: Damage occured at Midtown due to fire
May 31, 2022 5:36:27 PM edu.curtin.emergencysimulator.Fire update
INFO: Increment the count of fire at Midtown by one
May 31, 2022 5:36:27 PM edu.curtin.emergencysimulator.Flood update
INFO: Increment the count of flood at Midtown by one
May 31, 2022 5:36:27 PM edu.curtin.emergencysimulator.Flood update
INFO: Increment the count of flood at Hill Valley by one
May 31, 2022 5:36:28 PM edu.curtin.emergencysimulator.Controller control
INFO: Get the reply from the responders
May 31, 2022 5:36:28 PM edu.curtin.emergencysimulator.Controller notifyObservers
INFO: Notify all the observers in the activeList that a second had passed.
May 31, 2022 5:36:28 PM edu.curtin.emergencysimulator.LowIntensity changeInState
INFO: Damage occured at Midtown due to fire
May 31, 2022 5:36:28 PM edu.curtin.emergencysimulator.Fire update
INFO: Increment the count of fire at Midtown by one
May 31, 2022 5:36:28 PM edu.curtin.emergencysimulator.Start changeInState
INFO: Casualty occured at Midtown due to flood
May 31, 2022 5:36:28 PM edu.curtin.emergencysimulator.Flood update
INFO: Increment the count of flood at Midtown by one
May 31, 2022 5:36:28 PM edu.curtin.emergencysimulator.Flood update
INFO: Increment the count of flood at Hill Valley by one
May 31, 2022 5:36:29 PM edu.curtin.emergencysimulator.Controller control
INFO: Get the reply from the responders
May 31, 2022 5:36:29 PM edu.curtin.emergencysimulator.Controller notifyObservers
INFO: Notify all the observers in the activeList that a second had passed.
May 31, 2022 5:36:29 PM edu.curtin.emergencysimulator.Fire update
INFO: Increment the count of fire at Midtown by one
May 31, 2022 5:36:29 PM edu.curtin.emergencysimulator.Start changeInState
INFO: Casualty occured at Westtown due to chemical
May 31, 2022 5:36:29 PM edu.curtin.emergencysimulator.Flood update
INFO: Increment the count of flood at Midtown by one
May 31, 2022 5:36:29 PM edu.curtin.emergencysimulator.Flood update
INFO: Increment the count of flood at Hill Valley by one
May 31, 2022 5:36:30 PM edu.curtin.emergencysimulator.Controller control
INFO: Get the reply from the responders
May 31, 2022 5:36:30 PM edu.curtin.emergencysimulator.Controller notifyObservers
INFO: Notify all the observers in the activeList that a second had passed.
May 31, 2022 5:36:30 PM edu.curtin.emergencysimulator.LowIntensity changeInState
INFO: Casualty occured at Midtown due to fire
May 31, 2022 5:36:30 PM edu.curtin.emergencysimulator.Fire update
INFO: Increment the count of fire at Midtown by one
May 31, 2022 5:36:30 PM edu.curtin.emergencysimulator.Start changeInState
INFO: Damage occured at Midtown due to flood
May 31, 2022 5:36:30 PM edu.curtin.emergencysimulator.Flood update
INFO: Increment the count of flood at Midtown by one
May 31, 2022 5:36:30 PM edu.curtin.emergencysimulator.Flood update
INFO: Increment the count of flood at Hill Valley by one
May 31, 2022 5:36:31 PM edu.curtin.emergencysimulator.Controller control
INFO: Get the reply from the responders
May 31, 2022 5:36:31 PM edu.curtin.emergencysimulator.Controller notifyObservers
INFO: Notify all the observers in the activeList that a second had passed.
May 31, 2022 5:36:31 PM edu.curtin.emergencysimulator.LowIntensity changeInState
INFO: Fire at Midtown has been cleaned
May 31, 2022 5:36:31 PM edu.curtin.emergencysimulator.Fire update
INFO: Increment the count of fire at Midtown by one
May 31, 2022 5:36:31 PM edu.curtin.emergencysimulator.Start changeInState
INFO: Casualty occured at Midtown due to flood
May 31, 2022 5:36:31 PM edu.curtin.emergencysimulator.Flood update
INFO: Increment the count of flood at Midtown by one
May 31, 2022 5:36:31 PM edu.curtin.emergencysimulator.Start changeInState
INFO: Damage occured at Hill Valley due to flood
May 31, 2022 5:36:31 PM edu.curtin.emergencysimulator.Flood update
INFO: Increment the count of flood at Hill Valley by one
May 31, 2022 5:36:32 PM edu.curtin.emergencysimulator.Controller control
INFO: Get the reply from the responders
May 31, 2022 5:36:32 PM edu.curtin.emergencysimulator.Controller notifyObservers
INFO: Notify all the observers in the activeList that a second had passed.
May 31, 2022 5:36:32 PM edu.curtin.emergencysimulator.Start changeInState
INFO: Damage occured at Westtown due to chemical
May 31, 2022 5:36:32 PM edu.curtin.emergencysimulator.Start changeInState
INFO: Casualty occured at Midtown due to flood
May 31, 2022 5:36:32 PM edu.curtin.emergencysimulator.Flood update
INFO: Increment the count of flood at Midtown by one
May 31, 2022 5:36:32 PM edu.curtin.emergencysimulator.Flood update
INFO: Increment the count of flood at Hill Valley by one
May 31, 2022 5:36:33 PM edu.curtin.emergencysimulator.Controller control
INFO: Get the reply from the responders
May 31, 2022 5:36:33 PM edu.curtin.emergencysimulator.Controller notifyObservers
INFO: Notify all the observers in the activeList that a second had passed.
May 31, 2022 5:36:33 PM edu.curtin.emergencysimulator.Flood update
INFO: Increment the count of flood at Midtown by one
May 31, 2022 5:36:33 PM edu.curtin.emergencysimulator.Flood update
INFO: Increment the count of flood at Hill Valley by one
May 31, 2022 5:36:34 PM edu.curtin.emergencysimulator.Controller control
INFO: Get the reply from the responders
May 31, 2022 5:36:34 PM edu.curtin.emergencysimulator.Controller notifyObservers
INFO: Notify all the observers in the activeList that a second had passed.
May 31, 2022 5:36:34 PM edu.curtin.emergencysimulator.Start changeInState
INFO: Flood at Midtown has ended
May 31, 2022 5:36:34 PM edu.curtin.emergencysimulator.Flood update
INFO: Increment the count of flood at Midtown by one
May 31, 2022 5:36:34 PM edu.curtin.emergencysimulator.Start changeInState
INFO: Flood at Hill Valley has ended
May 31, 2022 5:36:34 PM edu.curtin.emergencysimulator.Flood update
INFO: Increment the count of flood at Hill Valley by one
May 31, 2022 5:36:35 PM edu.curtin.emergencysimulator.Controller control
INFO: Get the reply from the responders
May 31, 2022 5:36:35 PM edu.curtin.emergencysimulator.Controller notifyObservers
INFO: Notify all the observers in the activeList that a second had passed.
May 31, 2022 5:36:35 PM edu.curtin.emergencysimulator.Start changeInState
INFO: Casualty occured at Westtown due to chemical
May 31, 2022 5:36:36 PM edu.curtin.emergencysimulator.Controller control
INFO: Get the reply from the responders
May 31, 2022 5:36:36 PM edu.curtin.emergencysimulator.Controller notifyObservers
INFO: Notify all the observers in the activeList that a second had passed.
May 31, 2022 5:36:37 PM edu.curtin.emergencysimulator.Controller control
INFO: Get the reply from the responders
May 31, 2022 5:36:37 PM edu.curtin.emergencysimulator.Controller notifyObservers
INFO: Notify all the observers in the activeList that a second had passed.
May 31, 2022 5:36:37 PM edu.curtin.emergencysimulator.Start changeInState
INFO: Damage occured at Westtown due to chemical
May 31, 2022 5:36:38 PM edu.curtin.emergencysimulator.Controller control
INFO: Get the reply from the responders
May 31, 2022 5:36:38 PM edu.curtin.emergencysimulator.Controller notifyObservers
INFO: Notify all the observers in the activeList that a second had passed.
May 31, 2022 5:36:39 PM edu.curtin.emergencysimulator.Controller control
INFO: Get the reply from the responders
May 31, 2022 5:36:39 PM edu.curtin.emergencysimulator.Controller notifyObservers
INFO: Notify all the observers in the activeList that a second had passed.
May 31, 2022 5:36:40 PM edu.curtin.emergencysimulator.Controller control
INFO: Get the reply from the responders
May 31, 2022 5:36:40 PM edu.curtin.emergencysimulator.Controller notifyObservers
INFO: Notify all the observers in the activeList that a second had passed.
May 31, 2022 5:36:40 PM edu.curtin.emergencysimulator.Start changeInState
INFO: Casualty occured at Westtown due to chemical
May 31, 2022 5:36:41 PM edu.curtin.emergencysimulator.Controller control
INFO: Get the reply from the responders
May 31, 2022 5:36:41 PM edu.curtin.emergencysimulator.Controller notifyObservers
INFO: Notify all the observers in the activeList that a second had passed.
May 31, 2022 5:36:42 PM edu.curtin.emergencysimulator.Controller control
INFO: Get the reply from the responders
May 31, 2022 5:36:42 PM edu.curtin.emergencysimulator.Controller notifyObservers
INFO: Notify all the observers in the activeList that a second had passed.
May 31, 2022 5:36:43 PM edu.curtin.emergencysimulator.Controller control
INFO: Get the reply from the responders
May 31, 2022 5:36:43 PM edu.curtin.emergencysimulator.Controller notifyObservers
INFO: Notify all the observers in the activeList that a second had passed.
May 31, 2022 5:36:43 PM edu.curtin.emergencysimulator.Start changeInState
INFO: Casualty occured at Westtown due to chemical
May 31, 2022 5:36:44 PM edu.curtin.emergencysimulator.Controller control
INFO: Get the reply from the responders
May 31, 2022 5:36:44 PM edu.curtin.emergencysimulator.Controller notifyObservers
INFO: Notify all the observers in the activeList that a second had passed.
May 31, 2022 5:36:44 PM edu.curtin.emergencysimulator.Start changeInState
INFO: Damage occured at Westtown due to chemical
May 31, 2022 5:36:45 PM edu.curtin.emergencysimulator.Controller control
INFO: Get the reply from the responders
May 31, 2022 5:36:45 PM edu.curtin.emergencysimulator.Controller notifyObservers
INFO: Notify all the observers in the activeList that a second had passed.
May 31, 2022 5:36:46 PM edu.curtin.emergencysimulator.Controller control
INFO: Get the reply from the responders
May 31, 2022 5:36:46 PM edu.curtin.emergencysimulator.Controller notifyObservers
INFO: Notify all the observers in the activeList that a second had passed.
May 31, 2022 5:36:46 PM edu.curtin.emergencysimulator.Start changeInState
INFO: Casualty occured at Westtown due to chemical
May 31, 2022 5:36:47 PM edu.curtin.emergencysimulator.Controller control
INFO: Get the reply from the responders
May 31, 2022 5:36:47 PM edu.curtin.emergencysimulator.Controller notifyObservers
INFO: Notify all the observers in the activeList that a second had passed.
May 31, 2022 5:36:47 PM edu.curtin.emergencysimulator.Start changeInState
INFO: Damage occured at Westtown due to chemical
May 31, 2022 5:36:48 PM edu.curtin.emergencysimulator.Controller control
INFO: Get the reply from the responders
May 31, 2022 5:36:48 PM edu.curtin.emergencysimulator.Controller notifyObservers
INFO: Notify all the observers in the activeList that a second had passed.
May 31, 2022 5:36:48 PM edu.curtin.emergencysimulator.Start changeInState
INFO: Casualty occured at Westtown due to chemical
May 31, 2022 5:36:49 PM edu.curtin.emergencysimulator.Controller control
INFO: Get the reply from the responders
May 31, 2022 5:36:49 PM edu.curtin.emergencysimulator.Controller notifyObservers
INFO: Notify all the observers in the activeList that a second had passed.
May 31, 2022 5:36:49 PM edu.curtin.emergencysimulator.Start changeInState
INFO: Casualty occured at Westtown due to chemical
May 31, 2022 5:36:49 PM edu.curtin.emergencysimulator.Start changeInState
INFO: Damage occured at Westtown due to chemical
May 31, 2022 5:36:50 PM edu.curtin.emergencysimulator.Controller control
INFO: Get the reply from the responders
May 31, 2022 5:36:50 PM edu.curtin.emergencysimulator.Controller notifyObservers
INFO: Notify all the observers in the activeList that a second had passed.
May 31, 2022 5:36:51 PM edu.curtin.emergencysimulator.Controller control
INFO: Get the reply from the responders
May 31, 2022 5:36:51 PM edu.curtin.emergencysimulator.Controller notifyObservers
INFO: Notify all the observers in the activeList that a second had passed.
May 31, 2022 5:36:52 PM edu.curtin.emergencysimulator.Controller control
INFO: Get the reply from the responders
May 31, 2022 5:36:52 PM edu.curtin.emergencysimulator.Controller notifyObservers
INFO: Notify all the observers in the activeList that a second had passed.
May 31, 2022 5:36:53 PM edu.curtin.emergencysimulator.Controller control
INFO: Get the reply from the responders
May 31, 2022 5:36:53 PM edu.curtin.emergencysimulator.Controller notifyObservers
INFO: Notify all the observers in the activeList that a second had passed.
May 31, 2022 5:36:54 PM edu.curtin.emergencysimulator.Controller control
INFO: Get the reply from the responders
May 31, 2022 5:36:54 PM edu.curtin.emergencysimulator.Controller notifyObservers
INFO: Notify all the observers in the activeList that a second had passed.
May 31, 2022 5:36:54 PM edu.curtin.emergencysimulator.Start changeInState
INFO: Damage occured at Westtown due to chemical
May 31, 2022 5:36:55 PM edu.curtin.emergencysimulator.Controller control
INFO: Get the reply from the responders
May 31, 2022 5:36:55 PM edu.curtin.emergencysimulator.Controller control
INFO: End the simulation according to the reply from responders
May 31, 2022 5:36:55 PM edu.curtin.emergencysimulator.Controller notifyObservers
INFO: Notify all the observers in the activeList that a second had passed.
